<?xml version="1.0" encoding="UTF-8"?>
<testng-results skipped="0" failed="0" ignored="0" total="2" passed="2">
  <reporter-output>
  </reporter-output>
  <suite name="Suite" duration-ms="28172" started-at="2021-06-06T06:48:12Z" finished-at="2021-06-06T06:48:40Z">
    <groups>
    </groups>
    <test name="Test1" duration-ms="25336" started-at="2021-06-06T06:48:12Z" finished-at="2021-06-06T06:48:37Z">
      <class name="com.grid.test.GridChromeDemo">
        <test-method status="PASS" signature="chromeTestApp()[pri:0, instance:com.grid.test.GridChromeDemo@3ffb3598]" name="chromeTestApp" duration-ms="25311" started-at="2021-06-06T06:48:12Z" finished-at="2021-06-06T06:48:37Z">
          <reporter-output>
          </reporter-output>
        </test-method> <!-- chromeTestApp -->
      </class> <!-- com.grid.test.GridChromeDemo -->
    </test> <!-- Test1 -->
    <test name="Test3" duration-ms="28171" started-at="2021-06-06T06:48:12Z" finished-at="2021-06-06T06:48:40Z">
      <class name="com.grid.test.GridFirefoxDemo">
        <test-method status="PASS" signature="firefoxTestApp()[pri:0, instance:com.grid.test.GridFirefoxDemo@21c7208d]" name="firefoxTestApp" duration-ms="28152" started-at="2021-06-06T06:48:12Z" finished-at="2021-06-06T06:48:40Z">
          <reporter-output>
          </reporter-output>
        </test-method> <!-- firefoxTestApp -->
      </class> <!-- com.grid.test.GridFirefoxDemo -->
    </test> <!-- Test3 -->
  </suite> <!-- Suite -->
</testng-results>
