<?xml version="1.0" encoding="UTF-8"?>
<testng-results skipped="0" failed="0" ignored="0" total="2" passed="2">
  <reporter-output>
  </reporter-output>
  <suite name="Suite" duration-ms="20904" started-at="2021-06-05T09:44:12Z" finished-at="2021-06-05T09:44:33Z">
    <groups>
    </groups>
    <test name="Test1" duration-ms="14597" started-at="2021-06-05T09:44:12Z" finished-at="2021-06-05T09:44:27Z">
      <class name="com.grid.test.GridChromeDemo">
        <test-method status="PASS" signature="chromeTestApp()[pri:0, instance:com.grid.test.GridChromeDemo@6ffa56fa]" name="chromeTestApp" duration-ms="14274" started-at="2021-06-05T09:44:12Z" finished-at="2021-06-05T09:44:27Z">
          <reporter-output>
          </reporter-output>
        </test-method> <!-- chromeTestApp -->
      </class> <!-- com.grid.test.GridChromeDemo -->
    </test> <!-- Test1 -->
    <test name="Test3" duration-ms="20904" started-at="2021-06-05T09:44:12Z" finished-at="2021-06-05T09:44:33Z">
      <class name="com.grid.test.GridFirefoxDemo">
        <test-method status="PASS" signature="firefoxTestApp()[pri:0, instance:com.grid.test.GridFirefoxDemo@1416a80a]" name="firefoxTestApp" duration-ms="20875" started-at="2021-06-05T09:44:12Z" finished-at="2021-06-05T09:44:33Z">
          <reporter-output>
          </reporter-output>
        </test-method> <!-- firefoxTestApp -->
      </class> <!-- com.grid.test.GridFirefoxDemo -->
    </test> <!-- Test3 -->
  </suite> <!-- Suite -->
</testng-results>
