<?xml version="1.0" encoding="UTF-8"?>
<testng-results skipped="0" failed="0" ignored="0" total="2" passed="2">
  <reporter-output>
  </reporter-output>
  <suite name="Suite" duration-ms="15601" started-at="2021-06-05T15:07:21 IST" finished-at="2021-06-05T15:07:37 IST">
    <groups>
    </groups>
    <test name="Test1" duration-ms="9918" started-at="2021-06-05T15:07:21 IST" finished-at="2021-06-05T15:07:31 IST">
      <class name="com.grid.test.GridChromeDemo">
        <test-method status="PASS" signature="chromeTestApp()[pri:0, instance:com.grid.test.GridChromeDemo@6ee52dcd]" name="chromeTestApp" duration-ms="9862" started-at="2021-06-05T15:07:21 IST" finished-at="2021-06-05T15:07:31 IST">
          <reporter-output>
          </reporter-output>
        </test-method> <!-- chromeTestApp -->
      </class> <!-- com.grid.test.GridChromeDemo -->
    </test> <!-- Test1 -->
    <test name="Test3" duration-ms="15601" started-at="2021-06-05T15:07:21 IST" finished-at="2021-06-05T15:07:37 IST">
      <class name="com.grid.test.GridFirefoxDemo">
        <test-method status="PASS" signature="firefoxTestApp()[pri:0, instance:com.grid.test.GridFirefoxDemo@631330c]" name="firefoxTestApp" duration-ms="15569" started-at="2021-06-05T15:07:21 IST" finished-at="2021-06-05T15:07:37 IST">
          <reporter-output>
          </reporter-output>
        </test-method> <!-- firefoxTestApp -->
      </class> <!-- com.grid.test.GridFirefoxDemo -->
    </test> <!-- Test3 -->
  </suite> <!-- Suite -->
</testng-results>
