<?xml version="1.0" encoding="UTF-8"?>
<testng-results skipped="0" failed="0" ignored="0" total="2" passed="2">
  <reporter-output>
  </reporter-output>
  <suite name="Suite" duration-ms="42883" started-at="2021-06-06T12:20:37 IST" finished-at="2021-06-06T12:21:20 IST">
    <groups>
    </groups>
    <test name="Test1" duration-ms="32770" started-at="2021-06-06T12:20:37 IST" finished-at="2021-06-06T12:21:10 IST">
      <class name="com.grid.test.GridChromeDemo">
        <test-method status="PASS" signature="chromeTestApp()[pri:0, instance:com.grid.test.GridChromeDemo@6ee52dcd]" name="chromeTestApp" duration-ms="32732" started-at="2021-06-06T12:20:37 IST" finished-at="2021-06-06T12:21:10 IST">
          <reporter-output>
          </reporter-output>
        </test-method> <!-- chromeTestApp -->
      </class> <!-- com.grid.test.GridChromeDemo -->
    </test> <!-- Test1 -->
    <test name="Test3" duration-ms="42883" started-at="2021-06-06T12:20:37 IST" finished-at="2021-06-06T12:21:20 IST">
      <class name="com.grid.test.GridFirefoxDemo">
        <test-method status="PASS" signature="firefoxTestApp()[pri:0, instance:com.grid.test.GridFirefoxDemo@631330c]" name="firefoxTestApp" duration-ms="42852" started-at="2021-06-06T12:20:37 IST" finished-at="2021-06-06T12:21:20 IST">
          <reporter-output>
          </reporter-output>
        </test-method> <!-- firefoxTestApp -->
      </class> <!-- com.grid.test.GridFirefoxDemo -->
    </test> <!-- Test3 -->
  </suite> <!-- Suite -->
</testng-results>
